<?xml version="1.0" encoding="UTF-8"?>
<!-- Generated by org.testng.reporters.JUnitXMLReporter -->
<testsuite ignored="0" hostname="DESKTOP-LLLGMOJ" failures="0" tests="9" name="Test" time="17.273" errors="0" timestamp="22 Oct 2022 03:23:35 GMT">
  <testcase classname="advancetestng.DataProviderExample" name="setData" time="0.01"/>
  <testcase classname="advancetestng.DataProviderExample" name="setData" time="0.003"/>
  <testcase classname="advancetestng.DataProviderExample" name="setData" time="0.003"/>
  <testcase classname="advancetestng.DataProviderExample" name="testLoginOfVtiger" time="8.253"/>
  <testcase classname="advancetestng.DataProviderExample" name="testLoginOfVtiger" time="5.176"/>
  <testcase classname="advancetestng.DataProviderExample" name="testLoginOfVtiger" time="3.748"/>
  <testcase classname="basictestng.Sample2" name="testCase1" time="0.002"/>
  <testcase classname="basictestng.Sample2" name="testCase2" time="0.001"/>
  <testcase classname="basictestng.Sample2" name="testCase3" time="0.001"/>
</testsuite> <!-- Test -->
