<?xml version="1.0" encoding="UTF-8"?>
<!-- Generated by org.testng.reporters.JUnitXMLReporter -->
<testsuite ignored="2" hostname="DESKTOP-LLLGMOJ" failures="1" tests="39" name="TestSmoke" time="20.262" errors="0" timestamp="22 Oct 2022 02:47:38 GMT">
  <testcase classname="basictestng.Sample4" name="a_signUp" time="0.012"/>
  <testcase classname="basictestng.Sample4" name="b_login" time="0.005"/>
  <testcase classname="basictestng.Sample4" name="c_compose" time="0.003"/>
  <testcase classname="basictestng.Sample3" name="compose" time="0.003"/>
  <testcase classname="basictestng.Sample3" name="login" time="0.005"/>
  <testcase classname="basictestng.Sample3" name="signUp" time="0.005"/>
  <testcase classname="basictestng.Sample2" name="testCase1" time="0.002"/>
  <testcase classname="basictestng.Sample2" name="testCase2" time="0.003"/>
  <testcase classname="basictestng.Sample2" name="testCase3" time="0.003"/>
  <testcase classname="basictestng.Sample1" name="testCase1" time="0.002"/>
  <testcase classname="basictestng.Actitime" name="a_openBrowserAndAppURL" time="8.237"/>
  <testcase classname="basictestng.Actitime" name="b_login" time="0.453"/>
  <testcase classname="basictestng.Actitime" name="c_createTask" time="0.002"/>
  <testcase classname="basictestng.Actitime" name="d_logoutClose" time="0.001"/>
  <testcase classname="basictestng.TestCaseDependency" name="testGoogleLandingPage" time="0.037"/>
  <testcase classname="basictestng.TestCaseDependency" name="testSearch" time="4.861"/>
  <testcase classname="basictestng.Actitime_InvocationCount" name="openBrowserAndAppURL" time="0.002"/>
  <testcase classname="basictestng.Actitime_InvocationCount" name="openBrowserAndAppURL" time="0.001"/>
  <testcase classname="basictestng.Actitime_InvocationCount" name="openBrowserAndAppURL" time="0.0"/>
  <testcase classname="basictestng.Actitime_InvocationCount" name="openBrowserAndAppURL" time="0.001"/>
  <testcase classname="basictestng.Actitime_InvocationCount" name="openBrowserAndAppURL" time="0.0"/>
  <testcase classname="basictestng.Actitime_ExceptionAndTimeout" name="dividedByZeroExample1" time="0.002"/>
  <testcase classname="basictestng.Actitime_ExceptionAndTimeout" name="executetimeOut" time="0.035"/>
  <testcase classname="basictestng.Actitime_Timeout" name="openBrowserAndAppURL" time="0.191"/>
  <testcase classname="basictestng.Actitime_Enabled" name="createTask" time="0.001"/>
  <testcase classname="basictestng.Actitime_Enabled" name="openBrowserAndAppURL" time="0.001"/>
  <testcase classname="basictestng.ClassLabelAnnotations" name="testCase1" time="0.001"/>
  <testcase classname="basictestng.ClassLabelAnnotations" name="testCase2" time="0.003"/>
  <testcase classname="basictestng.ClassLabelAnnotations" name="testCase3" time="0.005"/>
  <testcase classname="basictestng.ClassLabelAnnotations" name="testCase4" time="0.003"/>
  <testcase classname="basictestng.Actitime_DependsOn" name="createTask" time="0.014"/>
  <testcase classname="basictestng.Actitime_DependsOn" name="logoutClose" time="0.006"/>
  <testcase classname="basictestng.Actitime_DependsOn" name="openBrowserAndAppURL" time="0.001">
    <failure type="java.lang.ArithmeticException" message="/ by zero">
      <![CDATA[java.lang.ArithmeticException: / by zero
at basictestng.Actitime_DependsOn.openBrowserAndAppURL(Actitime_DependsOn.java:7)
... Removed 25 stack frames]]>
    </failure>
  </testcase> <!-- openBrowserAndAppURL -->
  <testcase classname="basictestng.Actitime_DependsOn" name="login" time="0.0">
    <skipped/>
  </testcase> <!-- login -->
  <testcase classname="basictestng.Annotations" name="taskCreation" time="0.002"/>
  <testcase classname="basictestng.AnnotationList" name="f5" time="0.004"/>
  <testcase classname="basictestng.Actitime_Priority" name="openBrowserAndAppURL" time="0.002"/>
  <testcase classname="basictestng.Annotations3" name="taskCreation" time="0.001"/>
  <testcase classname="basictestng.Annotations2" name="taskCreation" time="0.003"/>
  <testcase classname="basictestng.Actitime_Enabled" name="login" time="0.0">
    <ignored/>
  </testcase> <!-- login -->
  <testcase classname="basictestng.Actitime_Enabled" name="logoutClose" time="0.0">
    <ignored/>
  </testcase> <!-- logoutClose -->
</testsuite> <!-- TestSmoke -->
