<?xml version="1.0" encoding="UTF-8"?>
<testng-results ignored="0" total="2" passed="2" failed="0" skipped="0">
  <reporter-output>
  </reporter-output>
  <suite started-at="2022-11-01T08:39:02 IST" name="Default suite" finished-at="2022-11-01T08:39:20 IST" duration-ms="17994">
    <groups>
    </groups>
    <test started-at="2022-11-01T08:39:02 IST" name="Default test" finished-at="2022-11-01T08:39:20 IST" duration-ms="17994">
      <class name="testscripts.TestLeadsPage">
        <test-method is-config="true" signature="prerequisite()[pri:0, instance:testscripts.TestLeadsPage@3bb9a3ff]" started-at="2022-11-01T08:39:02 IST" name="prerequisite" finished-at="2022-11-01T08:39:12 IST" duration-ms="10205" status="PASS">
          <reporter-output>
          </reporter-output>
        </test-method> <!-- prerequisite -->
        <test-method signature="testLeadCreation()[pri:0, instance:testscripts.TestLeadsPage@3bb9a3ff]" started-at="2022-11-01T08:39:12 IST" name="testLeadCreation" finished-at="2022-11-01T08:39:17 IST" duration-ms="4438" status="PASS">
          <reporter-output>
          </reporter-output>
        </test-method> <!-- testLeadCreation -->
        <test-method signature="testLeadDeletion()[pri:0, instance:testscripts.TestLeadsPage@3bb9a3ff]" started-at="2022-11-01T08:39:17 IST" name="testLeadDeletion" finished-at="2022-11-01T08:39:19 IST" depends-on-methods="testscripts.TestLeadsPage.testLeadCreation" duration-ms="2924" status="PASS">
          <reporter-output>
          </reporter-output>
        </test-method> <!-- testLeadDeletion -->
        <test-method is-config="true" signature="tearDown()[pri:0, instance:testscripts.TestLeadsPage@3bb9a3ff]" started-at="2022-11-01T08:39:19 IST" name="tearDown" finished-at="2022-11-01T08:39:20 IST" duration-ms="354" status="PASS">
          <reporter-output>
          </reporter-output>
        </test-method> <!-- tearDown -->
      </class> <!-- testscripts.TestLeadsPage -->
    </test> <!-- Default test -->
  </suite> <!-- Default suite -->
</testng-results>
