<?xml version="1.0" encoding="UTF-8"?>
<!-- Generated by org.testng.reporters.JUnitXMLReporter -->
<testsuite ignored="0" hostname="DESKTOP-LLLGMOJ" failures="0" tests="4" name="Testing Parameterization" time="8.809" errors="0" timestamp="22 Oct 2022 03:11:38 GMT">
  <testcase classname="advancetestng.Parameterization" name="testCaseOne" time="0.015"/>
  <testcase classname="advancetestng.Parameterization" name="testCaseThree" time="0.002"/>
  <testcase classname="advancetestng.Parameterization" name="testCaseTwo" time="0.011"/>
  <testcase classname="advancetestng.Parameterization" name="testLoginOfVtiger" time="8.676"/>
</testsuite> <!-- Testing Parameterization -->
