<?xml version="1.0" encoding="UTF-8"?>
<testng-results ignored="0" total="2" passed="2" failed="0" skipped="0">
  <reporter-output>
  </reporter-output>
  <suite started-at="2022-10-22T03:26:52Z" name="Parallel test suite" finished-at="2022-10-22T03:27:12Z" duration-ms="19766">
    <groups>
    </groups>
    <test started-at="2022-10-22T03:26:52Z" name="Firefox" finished-at="2022-10-22T03:27:04Z" duration-ms="12025">
      <class name="advancetestng.ParallelExecutionTest">
        <test-method signature="testLoginOfVtiger(java.lang.String, java.lang.String, java.lang.String)[pri:0, instance:advancetestng.ParallelExecutionTest@38c5cc4c]" started-at="2022-10-22T03:26:52Z" name="testLoginOfVtiger" finished-at="2022-10-22T03:27:04Z" duration-ms="11975" status="PASS">
          <params>
            <param index="0">
              <value>
                <![CDATA[firefox]]>
              </value>
            </param>
            <param index="1">
              <value>
                <![CDATA[admin]]>
              </value>
            </param>
            <param index="2">
              <value>
                <![CDATA[Test@123]]>
              </value>
            </param>
          </params>
          <reporter-output>
          </reporter-output>
        </test-method> <!-- testLoginOfVtiger -->
      </class> <!-- advancetestng.ParallelExecutionTest -->
    </test> <!-- Firefox -->
    <test started-at="2022-10-22T03:27:04Z" name="Chrome" finished-at="2022-10-22T03:27:12Z" duration-ms="7685">
      <class name="advancetestng.ParallelExecutionTest">
        <test-method signature="testLoginOfVtiger(java.lang.String, java.lang.String, java.lang.String)[pri:0, instance:advancetestng.ParallelExecutionTest@6dbb137d]" started-at="2022-10-22T03:27:04Z" name="testLoginOfVtiger" finished-at="2022-10-22T03:27:12Z" duration-ms="7675" status="PASS">
          <params>
            <param index="0">
              <value>
                <![CDATA[chrome]]>
              </value>
            </param>
            <param index="1">
              <value>
                <![CDATA[admin]]>
              </value>
            </param>
            <param index="2">
              <value>
                <![CDATA[Test@123]]>
              </value>
            </param>
          </params>
          <reporter-output>
          </reporter-output>
        </test-method> <!-- testLoginOfVtiger -->
      </class> <!-- advancetestng.ParallelExecutionTest -->
    </test> <!-- Chrome -->
  </suite> <!-- Parallel test suite -->
</testng-results>
