<?xml version="1.0" encoding="UTF-8"?>
<testng-results ignored="0" total="1" passed="1" failed="0" skipped="0">
  <reporter-output>
  </reporter-output>
  <suite started-at="2022-10-28T03:21:13Z" name="Default suite" finished-at="2022-10-28T03:21:26Z" duration-ms="12927">
    <groups>
    </groups>
    <test started-at="2022-10-28T03:21:13Z" name="Default test" finished-at="2022-10-28T03:21:26Z" duration-ms="12927">
      <class name="brokenlinks.BrokenLinkExample2">
        <test-method signature="testLinks()[pri:0, instance:brokenlinks.BrokenLinkExample2@413d1baf]" started-at="2022-10-28T03:21:13Z" name="testLinks" finished-at="2022-10-28T03:21:26Z" duration-ms="12872" status="PASS">
          <reporter-output>
          </reporter-output>
        </test-method> <!-- testLinks -->
      </class> <!-- brokenlinks.BrokenLinkExample2 -->
    </test> <!-- Default test -->
  </suite> <!-- Default suite -->
</testng-results>
