<?xml version="1.0" encoding="UTF-8"?>
<!-- Generated by org.testng.reporters.JUnitXMLReporter -->
<testsuite ignored="2" hostname="DESKTOP-LLLGMOJ" failures="0" tests="3" name="testing" time="0.113" errors="0" timestamp="22 Oct 2022 03:02:00 GMT">
  <testcase classname="advancetestng.GroupExamples" name="testCaseFour" time="0.034"/>
  <testcase classname="advancetestng.GroupExamples" name="testCaseOne" time="0.002"/>
  <testcase classname="advancetestng.GroupExamples" name="testCaseTwo" time="0.003"/>
  <testcase classname="advancetestng.GroupExamples" name="testCaseThree" time="0.0">
    <ignored/>
  </testcase> <!-- testCaseThree -->
  <testcase classname="advancetestng.GroupExamples" name="testCaseFive" time="0.0">
    <ignored/>
  </testcase> <!-- testCaseFive -->
</testsuite> <!-- testing -->
